2020-04-22 20:46:19.099  INFO 14732 --- [restartedMain] c.f.c.c.assist.prototype.Application     : Starting Application on Pooja with PID 14732 (C:\Users\Subba Rao V.M\Contacts\Desktop\CMS-CHATBOT-ASSIST-1.0\target\classes started by Subba Rao V.M in C:\Users\Subba Rao V.M\Contacts\Desktop\CMS-CHATBOT-ASSIST-1.0)
2020-04-22 20:46:19.100 DEBUG 14732 --- [restartedMain] c.f.c.c.assist.prototype.Application     : Running with Spring Boot v2.2.6.RELEASE, Spring v5.2.5.RELEASE
2020-04-22 20:46:19.100  INFO 14732 --- [restartedMain] c.f.c.c.assist.prototype.Application     : No active profile set, falling back to default profiles: default
2020-04-22 20:46:19.625  INFO 14732 --- [restartedMain] o.s.b.w.embedded.tomcat.TomcatWebServer  : Tomcat initialized with port(s): 8080 (http)
2020-04-22 20:46:19.626  INFO 14732 --- [restartedMain] o.apache.catalina.core.StandardService   : Starting service [Tomcat]
2020-04-22 20:46:19.626  INFO 14732 --- [restartedMain] org.apache.catalina.core.StandardEngine  : Starting Servlet engine: [Apache Tomcat/9.0.33]
2020-04-22 20:46:19.644  INFO 14732 --- [restartedMain] o.a.c.c.C.[Tomcat].[localhost].[/]       : Initializing Spring embedded WebApplicationContext
2020-04-22 20:46:19.644  INFO 14732 --- [restartedMain] o.s.web.context.ContextLoader            : Root WebApplicationContext: initialization completed in 540 ms
2020-04-22 20:46:19.775  INFO 14732 --- [restartedMain] pertySourcedRequestMappingHandlerMapping : Mapped URL path [/v2/api-docs] onto method [springfox.documentation.swagger2.web.Swagger2Controller#getDocumentation(String, HttpServletRequest)]
2020-04-22 20:46:19.828  INFO 14732 --- [restartedMain] o.s.s.concurrent.ThreadPoolTaskExecutor  : Initializing ExecutorService 'applicationTaskExecutor'
2020-04-22 20:46:19.833  WARN 14732 --- [restartedMain] o.s.b.d.a.OptionalLiveReloadServer       : Unable to start LiveReload server
2020-04-22 20:46:19.909  INFO 14732 --- [restartedMain] d.s.w.p.DocumentationPluginsBootstrapper : Context refreshed
2020-04-22 20:46:19.916  INFO 14732 --- [restartedMain] d.s.w.p.DocumentationPluginsBootstrapper : Found 1 custom documentation plugin(s)
2020-04-22 20:46:19.928  INFO 14732 --- [restartedMain] s.d.s.w.s.ApiListingReferenceScanner     : Scanning for api listing references
2020-04-22 20:46:19.972  INFO 14732 --- [restartedMain] o.s.b.w.embedded.tomcat.TomcatWebServer  : Tomcat started on port(s): 8080 (http) with context path ''
2020-04-22 20:46:19.974  INFO 14732 --- [restartedMain] c.f.c.c.assist.prototype.Application     : Started Application in 0.923 seconds (JVM running for 254.228)
2020-04-22 20:46:19.982  INFO 14732 --- [restartedMain] .ConditionEvaluationDeltaLoggingListener : Condition evaluation unchanged
2020-04-22 21:04:52.186  INFO 14732 --- [Thread-12] o.s.s.concurrent.ThreadPoolTaskExecutor  : Shutting down ExecutorService 'applicationTaskExecutor'
2020-04-22 21:04:52.565  INFO 14732 --- [restartedMain] c.f.c.c.assist.prototype.Application     : Starting Application on Pooja with PID 14732 (C:\Users\Subba Rao V.M\Contacts\Desktop\CMS-CHATBOT-ASSIST-1.0\target\classes started by Subba Rao V.M in C:\Users\Subba Rao V.M\Contacts\Desktop\CMS-CHATBOT-ASSIST-1.0)
2020-04-22 21:04:52.566 DEBUG 14732 --- [restartedMain] c.f.c.c.assist.prototype.Application     : Running with Spring Boot v2.2.6.RELEASE, Spring v5.2.5.RELEASE
2020-04-22 21:04:52.566  INFO 14732 --- [restartedMain] c.f.c.c.assist.prototype.Application     : No active profile set, falling back to default profiles: default
2020-04-22 21:04:53.107  INFO 14732 --- [restartedMain] o.s.b.w.embedded.tomcat.TomcatWebServer  : Tomcat initialized with port(s): 8080 (http)
2020-04-22 21:04:53.108  INFO 14732 --- [restartedMain] o.apache.catalina.core.StandardService   : Starting service [Tomcat]
2020-04-22 21:04:53.108  INFO 14732 --- [restartedMain] org.apache.catalina.core.StandardEngine  : Starting Servlet engine: [Apache Tomcat/9.0.33]
2020-04-22 21:04:53.124  INFO 14732 --- [restartedMain] o.a.c.c.C.[Tomcat].[localhost].[/]       : Initializing Spring embedded WebApplicationContext
2020-04-22 21:04:53.124  INFO 14732 --- [restartedMain] o.s.web.context.ContextLoader            : Root WebApplicationContext: initialization completed in 553 ms
2020-04-22 21:04:53.269  INFO 14732 --- [restartedMain] pertySourcedRequestMappingHandlerMapping : Mapped URL path [/v2/api-docs] onto method [springfox.documentation.swagger2.web.Swagger2Controller#getDocumentation(String, HttpServletRequest)]
2020-04-22 21:04:53.328  INFO 14732 --- [restartedMain] o.s.s.concurrent.ThreadPoolTaskExecutor  : Initializing ExecutorService 'applicationTaskExecutor'
2020-04-22 21:04:53.331  WARN 14732 --- [restartedMain] o.s.b.d.a.OptionalLiveReloadServer       : Unable to start LiveReload server
2020-04-22 21:04:53.388  INFO 14732 --- [restartedMain] d.s.w.p.DocumentationPluginsBootstrapper : Context refreshed
2020-04-22 21:04:53.394  INFO 14732 --- [restartedMain] d.s.w.p.DocumentationPluginsBootstrapper : Found 1 custom documentation plugin(s)
2020-04-22 21:04:53.401  INFO 14732 --- [restartedMain] s.d.s.w.s.ApiListingReferenceScanner     : Scanning for api listing references
2020-04-22 21:04:53.430  INFO 14732 --- [restartedMain] o.s.b.w.embedded.tomcat.TomcatWebServer  : Tomcat started on port(s): 8080 (http) with context path ''
2020-04-22 21:04:53.431  INFO 14732 --- [restartedMain] c.f.c.c.assist.prototype.Application     : Started Application in 0.915 seconds (JVM running for 1367.652)
2020-04-22 21:04:53.438  INFO 14732 --- [restartedMain] .ConditionEvaluationDeltaLoggingListener : Condition evaluation unchanged
2020-04-22 21:05:08.716  INFO 14732 --- [http-nio-8080-exec-1] o.a.c.c.C.[Tomcat].[localhost].[/]       : Initializing Spring DispatcherServlet 'dispatcherServlet'
2020-04-22 21:05:08.717  INFO 14732 --- [http-nio-8080-exec-1] o.s.web.servlet.DispatcherServlet        : Initializing Servlet 'dispatcherServlet'
2020-04-22 21:05:08.721  INFO 14732 --- [http-nio-8080-exec-1] o.s.web.servlet.DispatcherServlet        : Completed initialization in 4 ms
2020-04-22 21:05:08.756  INFO 14732 --- [http-nio-8080-exec-1] c.f.c.c.a.p.c.ChatBotAssistController    : User Authentication -Started
2020-04-22 21:05:08.757 DEBUG 14732 --- [http-nio-8080-exec-1] c.f.c.c.a.p.c.ChatBotAssistController    : userAuth Request->AuthRequest [userID=500002, userPassword=Admin@123, userType=BankUser]
2020-04-22 21:05:08.758 DEBUG 14732 --- [http-nio-8080-exec-1] c.f.c.c.a.p.dao.ChatBotAssistDaoImpl     : user exists500002:: verifying password and type..
2020-04-22 21:05:08.758 DEBUG 14732 --- [http-nio-8080-exec-1] c.f.c.c.a.p.dao.ChatBotAssistDaoImpl     : user pwd matched 500002:: verifying  type..
2020-04-22 21:05:08.797 DEBUG 14732 --- [http-nio-8080-exec-1] c.f.c.c.a.p.dao.ChatBotAssistDaoImpl     : Auth Success! for user ID :500002
2020-04-22 21:05:08.797 DEBUG 14732 --- [http-nio-8080-exec-1] c.f.c.c.a.p.s.ChatBotAssistService       : Auth Status :true for userID :500002
2020-04-22 21:05:08.800 DEBUG 14732 --- [http-nio-8080-exec-1] c.f.c.c.a.p.s.ChatBotAssistService       : token ::-1502792545, for user ID :500002
2020-04-22 21:05:08.800 DEBUG 14732 --- [http-nio-8080-exec-1] c.f.c.c.a.p.c.ChatBotAssistController    :  userAuth Response->AuthRequest [userID=500002, userPassword=Admin@123, userType=BankUser]
2020-04-22 21:06:13.703  INFO 14732 --- [http-nio-8080-exec-3] c.f.c.c.a.p.c.ChatBotAssistController    : User Authentication -Started
2020-04-22 21:06:13.735 DEBUG 14732 --- [http-nio-8080-exec-3] c.f.c.c.a.p.c.ChatBotAssistController    : userAuth Request->AuthRequest [userID=500003, userPassword=Admin@123, userType=CallCenterUser]
2020-04-22 21:06:13.755 DEBUG 14732 --- [http-nio-8080-exec-3] c.f.c.c.a.p.dao.ChatBotAssistDaoImpl     : user exists500003:: verifying password and type..
2020-04-22 21:06:13.756 DEBUG 14732 --- [http-nio-8080-exec-3] c.f.c.c.a.p.dao.ChatBotAssistDaoImpl     : user pwd matched 500003:: verifying  type..
2020-04-22 21:06:13.764 DEBUG 14732 --- [http-nio-8080-exec-3] c.f.c.c.a.p.dao.ChatBotAssistDaoImpl     : Auth Success! for user ID :500003
2020-04-22 21:06:13.764 DEBUG 14732 --- [http-nio-8080-exec-3] c.f.c.c.a.p.s.ChatBotAssistService       : Auth Status :true for userID :500003
2020-04-22 21:06:13.764 DEBUG 14732 --- [http-nio-8080-exec-3] c.f.c.c.a.p.s.ChatBotAssistService       : token ::-780352722, for user ID :500003
2020-04-22 21:06:13.764 DEBUG 14732 --- [http-nio-8080-exec-3] c.f.c.c.a.p.c.ChatBotAssistController    :  userAuth Response->AuthRequest [userID=500003, userPassword=Admin@123, userType=CallCenterUser]
2020-04-22 21:06:51.154  INFO 14732 --- [http-nio-8080-exec-5] c.f.c.c.a.p.c.ChatBotAssistController    : User Authentication -Started
2020-04-22 21:06:51.160 DEBUG 14732 --- [http-nio-8080-exec-5] c.f.c.c.a.p.c.ChatBotAssistController    : userAuth Request->AuthRequest [userID=500004, userPassword=Admin@123, userType=CustomerPortalUser]
2020-04-22 21:06:51.171 DEBUG 14732 --- [http-nio-8080-exec-5] c.f.c.c.a.p.dao.ChatBotAssistDaoImpl     : user exists500004:: verifying password and type..
2020-04-22 21:06:51.172 DEBUG 14732 --- [http-nio-8080-exec-5] c.f.c.c.a.p.dao.ChatBotAssistDaoImpl     : user pwd matched 500004:: verifying  type..
2020-04-22 21:06:51.176 DEBUG 14732 --- [http-nio-8080-exec-5] c.f.c.c.a.p.dao.ChatBotAssistDaoImpl     : Auth Success! for user ID :500004
2020-04-22 21:06:51.177 DEBUG 14732 --- [http-nio-8080-exec-5] c.f.c.c.a.p.s.ChatBotAssistService       : Auth Status :true for userID :500004
2020-04-22 21:06:51.177 DEBUG 14732 --- [http-nio-8080-exec-5] c.f.c.c.a.p.s.ChatBotAssistService       : token ::-711753620, for user ID :500004
2020-04-22 21:06:51.177 DEBUG 14732 --- [http-nio-8080-exec-5] c.f.c.c.a.p.c.ChatBotAssistController    :  userAuth Response->AuthRequest [userID=500004, userPassword=Admin@123, userType=CustomerPortalUser]
2020-04-22 22:22:23.021  INFO 14732 --- [Thread-17] o.s.s.concurrent.ThreadPoolTaskExecutor  : Shutting down ExecutorService 'applicationTaskExecutor'
