2020-04-22 20:31:48.571  INFO 16604 --- [restartedMain] c.f.c.c.assist.prototype.Application     : Starting Application on Pooja with PID 16604 (C:\Users\Subba Rao V.M\Contacts\Desktop\CMS-CHATBOT-ASSIST-1.0\target\classes started by Subba Rao V.M in C:\Users\Subba Rao V.M\Contacts\Desktop\CMS-CHATBOT-ASSIST-1.0)
2020-04-22 20:31:48.571 DEBUG 16604 --- [restartedMain] c.f.c.c.assist.prototype.Application     : Running with Spring Boot v2.2.6.RELEASE, Spring v5.2.5.RELEASE
2020-04-22 20:31:48.571  INFO 16604 --- [restartedMain] c.f.c.c.assist.prototype.Application     : No active profile set, falling back to default profiles: default
2020-04-22 20:31:49.054  INFO 16604 --- [restartedMain] o.s.b.w.embedded.tomcat.TomcatWebServer  : Tomcat initialized with port(s): 8080 (http)
2020-04-22 20:31:49.055  INFO 16604 --- [restartedMain] o.apache.catalina.core.StandardService   : Starting service [Tomcat]
2020-04-22 20:31:49.056  INFO 16604 --- [restartedMain] org.apache.catalina.core.StandardEngine  : Starting Servlet engine: [Apache Tomcat/9.0.33]
2020-04-22 20:31:49.070  INFO 16604 --- [restartedMain] o.a.c.c.C.[Tomcat].[localhost].[/]       : Initializing Spring embedded WebApplicationContext
2020-04-22 20:31:49.071  INFO 16604 --- [restartedMain] o.s.web.context.ContextLoader            : Root WebApplicationContext: initialization completed in 496 ms
2020-04-22 20:31:49.186  INFO 16604 --- [restartedMain] pertySourcedRequestMappingHandlerMapping : Mapped URL path [/v2/api-docs] onto method [springfox.documentation.swagger2.web.Swagger2Controller#getDocumentation(String, HttpServletRequest)]
2020-04-22 20:31:49.229  INFO 16604 --- [restartedMain] o.s.s.concurrent.ThreadPoolTaskExecutor  : Initializing ExecutorService 'applicationTaskExecutor'
2020-04-22 20:31:49.233  WARN 16604 --- [restartedMain] o.s.b.d.a.OptionalLiveReloadServer       : Unable to start LiveReload server
2020-04-22 20:31:49.279  INFO 16604 --- [restartedMain] d.s.w.p.DocumentationPluginsBootstrapper : Context refreshed
2020-04-22 20:31:49.280  INFO 16604 --- [restartedMain] d.s.w.p.DocumentationPluginsBootstrapper : Found 1 custom documentation plugin(s)
2020-04-22 20:31:49.285  INFO 16604 --- [restartedMain] s.d.s.w.s.ApiListingReferenceScanner     : Scanning for api listing references
2020-04-22 20:31:49.315  INFO 16604 --- [restartedMain] o.s.b.w.embedded.tomcat.TomcatWebServer  : Tomcat started on port(s): 8080 (http) with context path ''
2020-04-22 20:31:49.315  INFO 16604 --- [restartedMain] c.f.c.c.assist.prototype.Application     : Started Application in 0.787 seconds (JVM running for 959.514)
2020-04-22 20:31:49.321  INFO 16604 --- [restartedMain] .ConditionEvaluationDeltaLoggingListener : Condition evaluation unchanged
2020-04-22 20:32:01.129  INFO 16604 --- [http-nio-8080-exec-1] o.a.c.c.C.[Tomcat].[localhost].[/]       : Initializing Spring DispatcherServlet 'dispatcherServlet'
2020-04-22 20:32:01.134  INFO 16604 --- [http-nio-8080-exec-1] o.s.web.servlet.DispatcherServlet        : Initializing Servlet 'dispatcherServlet'
2020-04-22 20:32:01.137  INFO 16604 --- [http-nio-8080-exec-1] o.s.web.servlet.DispatcherServlet        : Completed initialization in 3 ms
2020-04-22 20:32:01.144  INFO 16604 --- [http-nio-8080-exec-1] c.f.c.c.a.p.c.ChatBotAssistController    : User Authentication -Started
2020-04-22 20:32:01.145 DEBUG 16604 --- [http-nio-8080-exec-1] c.f.c.c.a.p.c.ChatBotAssistController    : userAuth Request->AuthRequest [userID=500002, userPassword=Admin@123, userType=BankUser]
2020-04-22 20:32:01.145 DEBUG 16604 --- [http-nio-8080-exec-1] c.f.c.c.a.p.dao.ChatBotAssistDaoImpl     : user exists500002:: verifying password and type..
2020-04-22 20:32:01.145 DEBUG 16604 --- [http-nio-8080-exec-1] c.f.c.c.a.p.dao.ChatBotAssistDaoImpl     : user pwd matched 500002:: verifying  type..
2020-04-22 20:32:01.161 DEBUG 16604 --- [http-nio-8080-exec-1] c.f.c.c.a.p.dao.ChatBotAssistDaoImpl     : Auth Success! for user ID :500002
2020-04-22 20:32:01.162 DEBUG 16604 --- [http-nio-8080-exec-1] c.f.c.c.a.p.s.ChatBotAssistService       : Auth Status :true for userID :500002
2020-04-22 20:32:01.163 DEBUG 16604 --- [http-nio-8080-exec-1] c.f.c.c.a.p.s.ChatBotAssistService       : token ::-870409183, for user ID :500002
2020-04-22 20:32:01.163 DEBUG 16604 --- [http-nio-8080-exec-1] c.f.c.c.a.p.c.ChatBotAssistController    :  userAuth Response->AuthRequest [userID=500002, userPassword=Admin@123, userType=BankUser]
2020-04-22 20:32:15.788  INFO 16604 --- [Thread-27] o.s.s.concurrent.ThreadPoolTaskExecutor  : Shutting down ExecutorService 'applicationTaskExecutor'
2020-04-22 20:32:16.278  INFO 16604 --- [restartedMain] c.f.c.c.assist.prototype.Application     : Starting Application on Pooja with PID 16604 (C:\Users\Subba Rao V.M\Contacts\Desktop\CMS-CHATBOT-ASSIST-1.0\target\classes started by Subba Rao V.M in C:\Users\Subba Rao V.M\Contacts\Desktop\CMS-CHATBOT-ASSIST-1.0)
2020-04-22 20:32:16.278 DEBUG 16604 --- [restartedMain] c.f.c.c.assist.prototype.Application     : Running with Spring Boot v2.2.6.RELEASE, Spring v5.2.5.RELEASE
2020-04-22 20:32:16.278  INFO 16604 --- [restartedMain] c.f.c.c.assist.prototype.Application     : No active profile set, falling back to default profiles: default
2020-04-22 20:32:16.815  INFO 16604 --- [restartedMain] o.s.b.w.embedded.tomcat.TomcatWebServer  : Tomcat initialized with port(s): 8080 (http)
2020-04-22 20:32:16.817  INFO 16604 --- [restartedMain] o.apache.catalina.core.StandardService   : Starting service [Tomcat]
2020-04-22 20:32:16.817  INFO 16604 --- [restartedMain] org.apache.catalina.core.StandardEngine  : Starting Servlet engine: [Apache Tomcat/9.0.33]
2020-04-22 20:32:16.832  INFO 16604 --- [restartedMain] o.a.c.c.C.[Tomcat].[localhost].[/]       : Initializing Spring embedded WebApplicationContext
2020-04-22 20:32:16.832  INFO 16604 --- [restartedMain] o.s.web.context.ContextLoader            : Root WebApplicationContext: initialization completed in 548 ms
2020-04-22 20:32:16.949  INFO 16604 --- [restartedMain] pertySourcedRequestMappingHandlerMapping : Mapped URL path [/v2/api-docs] onto method [springfox.documentation.swagger2.web.Swagger2Controller#getDocumentation(String, HttpServletRequest)]
2020-04-22 20:32:16.995  INFO 16604 --- [restartedMain] o.s.s.concurrent.ThreadPoolTaskExecutor  : Initializing ExecutorService 'applicationTaskExecutor'
2020-04-22 20:32:16.998  WARN 16604 --- [restartedMain] o.s.b.d.a.OptionalLiveReloadServer       : Unable to start LiveReload server
2020-04-22 20:32:17.047  INFO 16604 --- [restartedMain] d.s.w.p.DocumentationPluginsBootstrapper : Context refreshed
2020-04-22 20:32:17.049  INFO 16604 --- [restartedMain] d.s.w.p.DocumentationPluginsBootstrapper : Found 1 custom documentation plugin(s)
2020-04-22 20:32:17.057  INFO 16604 --- [restartedMain] s.d.s.w.s.ApiListingReferenceScanner     : Scanning for api listing references
2020-04-22 20:32:17.088  INFO 16604 --- [restartedMain] o.s.b.w.embedded.tomcat.TomcatWebServer  : Tomcat started on port(s): 8080 (http) with context path ''
2020-04-22 20:32:17.093  INFO 16604 --- [restartedMain] c.f.c.c.assist.prototype.Application     : Started Application in 0.879 seconds (JVM running for 987.291)
2020-04-22 20:32:17.099  INFO 16604 --- [restartedMain] .ConditionEvaluationDeltaLoggingListener : Condition evaluation unchanged
2020-04-22 20:32:21.126  INFO 16604 --- [http-nio-8080-exec-1] o.a.c.c.C.[Tomcat].[localhost].[/]       : Initializing Spring DispatcherServlet 'dispatcherServlet'
2020-04-22 20:32:21.127  INFO 16604 --- [http-nio-8080-exec-1] o.s.web.servlet.DispatcherServlet        : Initializing Servlet 'dispatcherServlet'
2020-04-22 20:32:21.129  INFO 16604 --- [http-nio-8080-exec-1] o.s.web.servlet.DispatcherServlet        : Completed initialization in 2 ms
2020-04-22 20:32:21.140  INFO 16604 --- [http-nio-8080-exec-1] c.f.c.c.a.p.c.ChatBotAssistController    : User Authentication -Started
2020-04-22 20:32:21.140 DEBUG 16604 --- [http-nio-8080-exec-1] c.f.c.c.a.p.c.ChatBotAssistController    : userAuth Request->AuthRequest [userID=500002, userPassword=Admin@123, userType=BankUser]
2020-04-22 20:32:21.141 DEBUG 16604 --- [http-nio-8080-exec-1] c.f.c.c.a.p.dao.ChatBotAssistDaoImpl     : user exists500002:: verifying password and type..
2020-04-22 20:32:21.141 DEBUG 16604 --- [http-nio-8080-exec-1] c.f.c.c.a.p.dao.ChatBotAssistDaoImpl     : user pwd matched 500002:: verifying  type..
2020-04-22 20:32:21.150 DEBUG 16604 --- [http-nio-8080-exec-1] c.f.c.c.a.p.dao.ChatBotAssistDaoImpl     : Auth Success! for user ID :500002
2020-04-22 20:32:21.151 DEBUG 16604 --- [http-nio-8080-exec-1] c.f.c.c.a.p.s.ChatBotAssistService       : Auth Status :true for userID :500002
2020-04-22 20:32:21.155 DEBUG 16604 --- [http-nio-8080-exec-1] c.f.c.c.a.p.s.ChatBotAssistService       : token ::1853111798, for user ID :500002
2020-04-22 20:32:21.155 DEBUG 16604 --- [http-nio-8080-exec-1] c.f.c.c.a.p.c.ChatBotAssistController    :  userAuth Response->AuthRequest [userID=500002, userPassword=Admin@123, userType=BankUser]
2020-04-22 20:32:58.722  INFO 16604 --- [Thread-32] o.s.s.concurrent.ThreadPoolTaskExecutor  : Shutting down ExecutorService 'applicationTaskExecutor'
2020-04-22 20:32:59.111  INFO 16604 --- [restartedMain] c.f.c.c.assist.prototype.Application     : Starting Application on Pooja with PID 16604 (C:\Users\Subba Rao V.M\Contacts\Desktop\CMS-CHATBOT-ASSIST-1.0\target\classes started by Subba Rao V.M in C:\Users\Subba Rao V.M\Contacts\Desktop\CMS-CHATBOT-ASSIST-1.0)
2020-04-22 20:32:59.111 DEBUG 16604 --- [restartedMain] c.f.c.c.assist.prototype.Application     : Running with Spring Boot v2.2.6.RELEASE, Spring v5.2.5.RELEASE
2020-04-22 20:32:59.112  INFO 16604 --- [restartedMain] c.f.c.c.assist.prototype.Application     : No active profile set, falling back to default profiles: default
2020-04-22 20:32:59.578  INFO 16604 --- [restartedMain] o.s.b.w.embedded.tomcat.TomcatWebServer  : Tomcat initialized with port(s): 8080 (http)
2020-04-22 20:32:59.579  INFO 16604 --- [restartedMain] o.apache.catalina.core.StandardService   : Starting service [Tomcat]
2020-04-22 20:32:59.579  INFO 16604 --- [restartedMain] org.apache.catalina.core.StandardEngine  : Starting Servlet engine: [Apache Tomcat/9.0.33]
2020-04-22 20:32:59.594  INFO 16604 --- [restartedMain] o.a.c.c.C.[Tomcat].[localhost].[/]       : Initializing Spring embedded WebApplicationContext
2020-04-22 20:32:59.594  INFO 16604 --- [restartedMain] o.s.web.context.ContextLoader            : Root WebApplicationContext: initialization completed in 479 ms
2020-04-22 20:32:59.722  INFO 16604 --- [restartedMain] pertySourcedRequestMappingHandlerMapping : Mapped URL path [/v2/api-docs] onto method [springfox.documentation.swagger2.web.Swagger2Controller#getDocumentation(String, HttpServletRequest)]
2020-04-22 20:32:59.762  INFO 16604 --- [restartedMain] o.s.s.concurrent.ThreadPoolTaskExecutor  : Initializing ExecutorService 'applicationTaskExecutor'
2020-04-22 20:32:59.764  WARN 16604 --- [restartedMain] o.s.b.d.a.OptionalLiveReloadServer       : Unable to start LiveReload server
2020-04-22 20:32:59.815  INFO 16604 --- [restartedMain] d.s.w.p.DocumentationPluginsBootstrapper : Context refreshed
2020-04-22 20:32:59.816  INFO 16604 --- [restartedMain] d.s.w.p.DocumentationPluginsBootstrapper : Found 1 custom documentation plugin(s)
2020-04-22 20:32:59.821  INFO 16604 --- [restartedMain] s.d.s.w.s.ApiListingReferenceScanner     : Scanning for api listing references
2020-04-22 20:32:59.849  INFO 16604 --- [restartedMain] o.s.b.w.embedded.tomcat.TomcatWebServer  : Tomcat started on port(s): 8080 (http) with context path ''
2020-04-22 20:32:59.850  INFO 16604 --- [restartedMain] c.f.c.c.assist.prototype.Application     : Started Application in 0.789 seconds (JVM running for 1030.046)
2020-04-22 20:32:59.856  INFO 16604 --- [restartedMain] .ConditionEvaluationDeltaLoggingListener : Condition evaluation unchanged
2020-04-22 20:33:04.624  INFO 16604 --- [http-nio-8080-exec-1] o.a.c.c.C.[Tomcat].[localhost].[/]       : Initializing Spring DispatcherServlet 'dispatcherServlet'
2020-04-22 20:33:04.633  INFO 16604 --- [http-nio-8080-exec-1] o.s.web.servlet.DispatcherServlet        : Initializing Servlet 'dispatcherServlet'
2020-04-22 20:33:04.636  INFO 16604 --- [http-nio-8080-exec-1] o.s.web.servlet.DispatcherServlet        : Completed initialization in 2 ms
2020-04-22 20:33:04.659  INFO 16604 --- [http-nio-8080-exec-1] c.f.c.c.a.p.c.ChatBotAssistController    : User Authentication -Started
2020-04-22 20:33:04.660 DEBUG 16604 --- [http-nio-8080-exec-1] c.f.c.c.a.p.c.ChatBotAssistController    : userAuth Request->AuthRequest [userID=500002, userPassword=Admin@123, userType=BankUser]
2020-04-22 20:33:04.661 DEBUG 16604 --- [http-nio-8080-exec-1] c.f.c.c.a.p.dao.ChatBotAssistDaoImpl     : user exists500002:: verifying password and type..
2020-04-22 20:33:04.661 DEBUG 16604 --- [http-nio-8080-exec-1] c.f.c.c.a.p.dao.ChatBotAssistDaoImpl     : user pwd matched 500002:: verifying  type..
2020-04-22 20:33:04.667 DEBUG 16604 --- [http-nio-8080-exec-1] c.f.c.c.a.p.dao.ChatBotAssistDaoImpl     : Auth Success! for user ID :500002
2020-04-22 20:33:04.667 DEBUG 16604 --- [http-nio-8080-exec-1] c.f.c.c.a.p.s.ChatBotAssistService       : Auth Status :true for userID :500002
2020-04-22 20:33:04.669 DEBUG 16604 --- [http-nio-8080-exec-1] c.f.c.c.a.p.s.ChatBotAssistService       : token ::-256355857, for user ID :500002
2020-04-22 20:33:04.669 DEBUG 16604 --- [http-nio-8080-exec-1] c.f.c.c.a.p.c.ChatBotAssistController    :  userAuth Response->AuthRequest [userID=500002, userPassword=Admin@123, userType=BankUser]
2020-04-22 20:33:04.775  INFO 16604 --- [http-nio-8080-exec-2] c.f.c.c.a.p.c.ChatBotAssistController    : User Authentication -Started
2020-04-22 20:33:04.775 DEBUG 16604 --- [http-nio-8080-exec-2] c.f.c.c.a.p.c.ChatBotAssistController    : userAuth Request->AuthRequest [userID=500002, userPassword=Admin@123, userType=BankUser]
2020-04-22 20:33:04.775 DEBUG 16604 --- [http-nio-8080-exec-2] c.f.c.c.a.p.dao.ChatBotAssistDaoImpl     : user exists500002:: verifying password and type..
2020-04-22 20:33:04.775 DEBUG 16604 --- [http-nio-8080-exec-2] c.f.c.c.a.p.dao.ChatBotAssistDaoImpl     : user pwd matched 500002:: verifying  type..
2020-04-22 20:33:04.781 DEBUG 16604 --- [http-nio-8080-exec-2] c.f.c.c.a.p.dao.ChatBotAssistDaoImpl     : Auth Success! for user ID :500002
2020-04-22 20:33:04.782 DEBUG 16604 --- [http-nio-8080-exec-2] c.f.c.c.a.p.s.ChatBotAssistService       : Auth Status :true for userID :500002
2020-04-22 20:33:04.782 DEBUG 16604 --- [http-nio-8080-exec-2] c.f.c.c.a.p.s.ChatBotAssistService       : token ::-1873070402, for user ID :500002
2020-04-22 20:33:04.782 DEBUG 16604 --- [http-nio-8080-exec-2] c.f.c.c.a.p.c.ChatBotAssistController    :  userAuth Response->AuthRequest [userID=500002, userPassword=Admin@123, userType=BankUser]
2020-04-22 20:33:04.938  INFO 16604 --- [http-nio-8080-exec-3] c.f.c.c.a.p.c.ChatBotAssistController    : User Authentication -Started
2020-04-22 20:33:04.938 DEBUG 16604 --- [http-nio-8080-exec-3] c.f.c.c.a.p.c.ChatBotAssistController    : userAuth Request->AuthRequest [userID=500002, userPassword=Admin@123, userType=BankUser]
2020-04-22 20:33:04.938 DEBUG 16604 --- [http-nio-8080-exec-3] c.f.c.c.a.p.dao.ChatBotAssistDaoImpl     : user exists500002:: verifying password and type..
2020-04-22 20:33:04.938 DEBUG 16604 --- [http-nio-8080-exec-3] c.f.c.c.a.p.dao.ChatBotAssistDaoImpl     : user pwd matched 500002:: verifying  type..
2020-04-22 20:33:04.938 DEBUG 16604 --- [http-nio-8080-exec-3] c.f.c.c.a.p.dao.ChatBotAssistDaoImpl     : Auth Success! for user ID :500002
2020-04-22 20:33:04.938 DEBUG 16604 --- [http-nio-8080-exec-3] c.f.c.c.a.p.s.ChatBotAssistService       : Auth Status :true for userID :500002
2020-04-22 20:33:04.939 DEBUG 16604 --- [http-nio-8080-exec-3] c.f.c.c.a.p.s.ChatBotAssistService       : token ::-801626245, for user ID :500002
2020-04-22 20:33:04.939 DEBUG 16604 --- [http-nio-8080-exec-3] c.f.c.c.a.p.c.ChatBotAssistController    :  userAuth Response->AuthRequest [userID=500002, userPassword=Admin@123, userType=BankUser]
2020-04-22 20:35:59.527  INFO 16604 --- [Thread-37] o.s.s.concurrent.ThreadPoolTaskExecutor  : Shutting down ExecutorService 'applicationTaskExecutor'
2020-04-22 20:36:00.452  INFO 16604 --- [restartedMain] c.f.c.c.assist.prototype.Application     : Starting Application on Pooja with PID 16604 (C:\Users\Subba Rao V.M\Contacts\Desktop\CMS-CHATBOT-ASSIST-1.0\target\classes started by Subba Rao V.M in C:\Users\Subba Rao V.M\Contacts\Desktop\CMS-CHATBOT-ASSIST-1.0)
2020-04-22 20:36:00.452 DEBUG 16604 --- [restartedMain] c.f.c.c.assist.prototype.Application     : Running with Spring Boot v2.2.6.RELEASE, Spring v5.2.5.RELEASE
2020-04-22 20:36:00.453  INFO 16604 --- [restartedMain] c.f.c.c.assist.prototype.Application     : No active profile set, falling back to default profiles: default
2020-04-22 20:36:00.895  INFO 16604 --- [restartedMain] o.s.b.w.embedded.tomcat.TomcatWebServer  : Tomcat initialized with port(s): 8080 (http)
2020-04-22 20:36:00.896  INFO 16604 --- [restartedMain] o.apache.catalina.core.StandardService   : Starting service [Tomcat]
2020-04-22 20:36:00.896  INFO 16604 --- [restartedMain] org.apache.catalina.core.StandardEngine  : Starting Servlet engine: [Apache Tomcat/9.0.33]
2020-04-22 20:36:00.912  INFO 16604 --- [restartedMain] o.a.c.c.C.[Tomcat].[localhost].[/]       : Initializing Spring embedded WebApplicationContext
2020-04-22 20:36:00.912  INFO 16604 --- [restartedMain] o.s.web.context.ContextLoader            : Root WebApplicationContext: initialization completed in 455 ms
2020-04-22 20:36:01.015  INFO 16604 --- [restartedMain] pertySourcedRequestMappingHandlerMapping : Mapped URL path [/v2/api-docs] onto method [springfox.documentation.swagger2.web.Swagger2Controller#getDocumentation(String, HttpServletRequest)]
2020-04-22 20:36:01.055  INFO 16604 --- [restartedMain] o.s.s.concurrent.ThreadPoolTaskExecutor  : Initializing ExecutorService 'applicationTaskExecutor'
2020-04-22 20:36:01.058  WARN 16604 --- [restartedMain] o.s.b.d.a.OptionalLiveReloadServer       : Unable to start LiveReload server
2020-04-22 20:36:01.100  INFO 16604 --- [restartedMain] d.s.w.p.DocumentationPluginsBootstrapper : Context refreshed
2020-04-22 20:36:01.101  INFO 16604 --- [restartedMain] d.s.w.p.DocumentationPluginsBootstrapper : Found 1 custom documentation plugin(s)
2020-04-22 20:36:01.106  INFO 16604 --- [restartedMain] s.d.s.w.s.ApiListingReferenceScanner     : Scanning for api listing references
2020-04-22 20:36:01.132  INFO 16604 --- [restartedMain] o.s.b.w.embedded.tomcat.TomcatWebServer  : Tomcat started on port(s): 8080 (http) with context path ''
2020-04-22 20:36:01.133  INFO 16604 --- [restartedMain] c.f.c.c.assist.prototype.Application     : Started Application in 1.144 seconds (JVM running for 1211.324)
2020-04-22 20:36:01.139  INFO 16604 --- [restartedMain] .ConditionEvaluationDeltaLoggingListener : Condition evaluation unchanged
2020-04-22 20:36:10.395  INFO 16604 --- [http-nio-8080-exec-1] o.a.c.c.C.[Tomcat].[localhost].[/]       : Initializing Spring DispatcherServlet 'dispatcherServlet'
2020-04-22 20:36:10.401  INFO 16604 --- [http-nio-8080-exec-1] o.s.web.servlet.DispatcherServlet        : Initializing Servlet 'dispatcherServlet'
2020-04-22 20:36:10.405  INFO 16604 --- [http-nio-8080-exec-1] o.s.web.servlet.DispatcherServlet        : Completed initialization in 4 ms
2020-04-22 20:36:10.416  INFO 16604 --- [http-nio-8080-exec-1] c.f.c.c.a.p.c.ChatBotAssistController    : User Authentication -Started
2020-04-22 20:36:10.417 DEBUG 16604 --- [http-nio-8080-exec-1] c.f.c.c.a.p.c.ChatBotAssistController    : userAuth Request->AuthRequest [userID=500002, userPassword=Admin@123, userType=BankUser]
2020-04-22 20:36:10.417 DEBUG 16604 --- [http-nio-8080-exec-1] c.f.c.c.a.p.dao.ChatBotAssistDaoImpl     : user exists500002:: verifying password and type..
2020-04-22 20:36:10.417 DEBUG 16604 --- [http-nio-8080-exec-1] c.f.c.c.a.p.dao.ChatBotAssistDaoImpl     : user pwd matched 500002:: verifying  type..
2020-04-22 20:36:10.427 DEBUG 16604 --- [http-nio-8080-exec-1] c.f.c.c.a.p.dao.ChatBotAssistDaoImpl     : Auth Success! for user ID :500002
2020-04-22 20:36:10.427 DEBUG 16604 --- [http-nio-8080-exec-1] c.f.c.c.a.p.s.ChatBotAssistService       : Auth Status :true for userID :500002
2020-04-22 20:36:10.429 DEBUG 16604 --- [http-nio-8080-exec-1] c.f.c.c.a.p.s.ChatBotAssistService       : token ::258360645, for user ID :500002
2020-04-22 20:36:10.429 DEBUG 16604 --- [http-nio-8080-exec-1] c.f.c.c.a.p.c.ChatBotAssistController    :  userAuth Response->AuthRequest [userID=500002, userPassword=Admin@123, userType=BankUser]
2020-04-22 20:36:10.568  INFO 16604 --- [http-nio-8080-exec-2] c.f.c.c.a.p.c.ChatBotAssistController    : User Authentication -Started
2020-04-22 20:36:10.569 DEBUG 16604 --- [http-nio-8080-exec-2] c.f.c.c.a.p.c.ChatBotAssistController    : userAuth Request->AuthRequest [userID=500002, userPassword=Admin@123, userType=BankUser]
2020-04-22 20:36:10.569 DEBUG 16604 --- [http-nio-8080-exec-2] c.f.c.c.a.p.dao.ChatBotAssistDaoImpl     : user exists500002:: verifying password and type..
2020-04-22 20:36:10.569 DEBUG 16604 --- [http-nio-8080-exec-2] c.f.c.c.a.p.dao.ChatBotAssistDaoImpl     : user pwd matched 500002:: verifying  type..
2020-04-22 20:36:10.588 DEBUG 16604 --- [http-nio-8080-exec-2] c.f.c.c.a.p.dao.ChatBotAssistDaoImpl     : Auth Success! for user ID :500002
2020-04-22 20:36:10.588 DEBUG 16604 --- [http-nio-8080-exec-2] c.f.c.c.a.p.s.ChatBotAssistService       : Auth Status :true for userID :500002
2020-04-22 20:36:10.588 DEBUG 16604 --- [http-nio-8080-exec-2] c.f.c.c.a.p.s.ChatBotAssistService       : token ::1684637665, for user ID :500002
2020-04-22 20:36:10.588 DEBUG 16604 --- [http-nio-8080-exec-2] c.f.c.c.a.p.c.ChatBotAssistController    :  userAuth Response->AuthRequest [userID=500002, userPassword=Admin@123, userType=BankUser]
2020-04-22 20:36:10.723  INFO 16604 --- [http-nio-8080-exec-3] c.f.c.c.a.p.c.ChatBotAssistController    : User Authentication -Started
2020-04-22 20:36:10.724 DEBUG 16604 --- [http-nio-8080-exec-3] c.f.c.c.a.p.c.ChatBotAssistController    : userAuth Request->AuthRequest [userID=500002, userPassword=Admin@123, userType=BankUser]
2020-04-22 20:36:10.724 DEBUG 16604 --- [http-nio-8080-exec-3] c.f.c.c.a.p.dao.ChatBotAssistDaoImpl     : user exists500002:: verifying password and type..
2020-04-22 20:36:10.724 DEBUG 16604 --- [http-nio-8080-exec-3] c.f.c.c.a.p.dao.ChatBotAssistDaoImpl     : user pwd matched 500002:: verifying  type..
2020-04-22 20:36:10.724 DEBUG 16604 --- [http-nio-8080-exec-3] c.f.c.c.a.p.dao.ChatBotAssistDaoImpl     : Auth Success! for user ID :500002
2020-04-22 20:36:10.724 DEBUG 16604 --- [http-nio-8080-exec-3] c.f.c.c.a.p.s.ChatBotAssistService       : Auth Status :true for userID :500002
2020-04-22 20:36:10.724 DEBUG 16604 --- [http-nio-8080-exec-3] c.f.c.c.a.p.s.ChatBotAssistService       : token ::1979651937, for user ID :500002
2020-04-22 20:36:10.724 DEBUG 16604 --- [http-nio-8080-exec-3] c.f.c.c.a.p.c.ChatBotAssistController    :  userAuth Response->AuthRequest [userID=500002, userPassword=Admin@123, userType=BankUser]
2020-04-22 20:39:12.578  INFO 16604 --- [Thread-42] o.s.s.concurrent.ThreadPoolTaskExecutor  : Shutting down ExecutorService 'applicationTaskExecutor'
