2020-04-22 20:39:13.145  INFO 16604 --- [restartedMain] c.f.c.c.assist.prototype.Application     : Starting Application on Pooja with PID 16604 (C:\Users\Subba Rao V.M\Contacts\Desktop\CMS-CHATBOT-ASSIST-1.0\target\classes started by Subba Rao V.M in C:\Users\Subba Rao V.M\Contacts\Desktop\CMS-CHATBOT-ASSIST-1.0)
2020-04-22 20:39:13.145 DEBUG 16604 --- [restartedMain] c.f.c.c.assist.prototype.Application     : Running with Spring Boot v2.2.6.RELEASE, Spring v5.2.5.RELEASE
2020-04-22 20:39:13.146  INFO 16604 --- [restartedMain] c.f.c.c.assist.prototype.Application     : No active profile set, falling back to default profiles: default
2020-04-22 20:39:13.655  INFO 16604 --- [restartedMain] o.s.b.w.embedded.tomcat.TomcatWebServer  : Tomcat initialized with port(s): 8080 (http)
2020-04-22 20:39:13.656  INFO 16604 --- [restartedMain] o.apache.catalina.core.StandardService   : Starting service [Tomcat]
2020-04-22 20:39:13.656  INFO 16604 --- [restartedMain] org.apache.catalina.core.StandardEngine  : Starting Servlet engine: [Apache Tomcat/9.0.33]
2020-04-22 20:39:13.670  INFO 16604 --- [restartedMain] o.a.c.c.C.[Tomcat].[localhost].[/]       : Initializing Spring embedded WebApplicationContext
2020-04-22 20:39:13.670  INFO 16604 --- [restartedMain] o.s.web.context.ContextLoader            : Root WebApplicationContext: initialization completed in 519 ms
2020-04-22 20:39:13.786  INFO 16604 --- [restartedMain] pertySourcedRequestMappingHandlerMapping : Mapped URL path [/v2/api-docs] onto method [springfox.documentation.swagger2.web.Swagger2Controller#getDocumentation(String, HttpServletRequest)]
2020-04-22 20:39:13.828  INFO 16604 --- [restartedMain] o.s.s.concurrent.ThreadPoolTaskExecutor  : Initializing ExecutorService 'applicationTaskExecutor'
2020-04-22 20:39:13.832  WARN 16604 --- [restartedMain] o.s.b.d.a.OptionalLiveReloadServer       : Unable to start LiveReload server
2020-04-22 20:39:13.889  INFO 16604 --- [restartedMain] d.s.w.p.DocumentationPluginsBootstrapper : Context refreshed
2020-04-22 20:39:13.890  INFO 16604 --- [restartedMain] d.s.w.p.DocumentationPluginsBootstrapper : Found 1 custom documentation plugin(s)
2020-04-22 20:39:13.897  INFO 16604 --- [restartedMain] s.d.s.w.s.ApiListingReferenceScanner     : Scanning for api listing references
2020-04-22 20:39:13.924  INFO 16604 --- [restartedMain] o.s.b.w.embedded.tomcat.TomcatWebServer  : Tomcat started on port(s): 8080 (http) with context path ''
2020-04-22 20:39:13.925  INFO 16604 --- [restartedMain] c.f.c.c.assist.prototype.Application     : Started Application in 0.874 seconds (JVM running for 1404.11)
2020-04-22 20:39:13.931  INFO 16604 --- [restartedMain] .ConditionEvaluationDeltaLoggingListener : Condition evaluation unchanged
2020-04-22 20:39:23.162  INFO 16604 --- [http-nio-8080-exec-1] o.a.c.c.C.[Tomcat].[localhost].[/]       : Initializing Spring DispatcherServlet 'dispatcherServlet'
2020-04-22 20:39:23.163  INFO 16604 --- [http-nio-8080-exec-1] o.s.web.servlet.DispatcherServlet        : Initializing Servlet 'dispatcherServlet'
2020-04-22 20:39:23.166  INFO 16604 --- [http-nio-8080-exec-1] o.s.web.servlet.DispatcherServlet        : Completed initialization in 3 ms
2020-04-22 20:39:23.181  INFO 16604 --- [http-nio-8080-exec-1] c.f.c.c.a.p.c.ChatBotAssistController    : User Authentication -Started
2020-04-22 20:39:23.182 DEBUG 16604 --- [http-nio-8080-exec-1] c.f.c.c.a.p.c.ChatBotAssistController    : userAuth Request->AuthRequest [userID=500002, userPassword=Admin@123, userType=BankUser]
2020-04-22 20:39:23.182 DEBUG 16604 --- [http-nio-8080-exec-1] c.f.c.c.a.p.dao.ChatBotAssistDaoImpl     : user exists500002:: verifying password and type..
2020-04-22 20:39:23.182 DEBUG 16604 --- [http-nio-8080-exec-1] c.f.c.c.a.p.dao.ChatBotAssistDaoImpl     : user pwd matched 500002:: verifying  type..
2020-04-22 20:39:23.197 DEBUG 16604 --- [http-nio-8080-exec-1] c.f.c.c.a.p.dao.ChatBotAssistDaoImpl     : Auth Success! for user ID :500002
2020-04-22 20:39:23.197 DEBUG 16604 --- [http-nio-8080-exec-1] c.f.c.c.a.p.s.ChatBotAssistService       : Auth Status :true for userID :500002
2020-04-22 20:39:23.200 DEBUG 16604 --- [http-nio-8080-exec-1] c.f.c.c.a.p.s.ChatBotAssistService       : token ::1964483122, for user ID :500002
2020-04-22 20:39:23.200 DEBUG 16604 --- [http-nio-8080-exec-1] c.f.c.c.a.p.c.ChatBotAssistController    :  userAuth Response->AuthRequest [userID=500002, userPassword=Admin@123, userType=BankUser]
2020-04-22 20:40:23.817  INFO 16604 --- [Thread-47] o.s.s.concurrent.ThreadPoolTaskExecutor  : Shutting down ExecutorService 'applicationTaskExecutor'
